<?xml version="1.0" encoding="UTF-8"?>
<!-- Generated by org.testng.reporters.JUnitXMLReporter -->
<testsuite ignored="0" hostname="LAPTOP-1A88A725" failures="0" tests="3" name="Default test" time="19.122" errors="0" timestamp="2026-06-10T11:20:27 IST">
  <testcase classname="tests.AlertTest" name="handleSimpleAlert" time="0.109"/>
  <testcase classname="tests.AlertTest" name="handleConfirmationAlert" time="0.086"/>
  <testcase classname="tests.AlertTest" name="handlePromptAlert" time="0.118"/>
</testsuite> <!-- Default test -->
