<?xml version="1.0" encoding="UTF-8"?>
<!-- Generated by org.testng.reporters.JUnitXMLReporter -->
<testsuite ignored="2" hostname="LAPTOP-1A88A725" failures="0" tests="1" name="Default test" time="11.53" errors="0" timestamp="2026-06-10T16:13:06 IST">
  <testcase classname="tests.DatePickerTest" name="dateRangeTest" time="0.437"/>
  <testcase classname="tests.DatePickerTest" name="datePicker2Test" time="0.0">
    <ignored/>
  </testcase> <!-- datePicker2Test -->
  <testcase classname="tests.DatePickerTest" name="datePicker1Test" time="0.0">
    <ignored/>
  </testcase> <!-- datePicker1Test -->
</testsuite> <!-- Default test -->
