<?xml version="1.0" encoding="UTF-8"?>
<!-- Generated by org.testng.reporters.JUnitXMLReporter -->
<testsuite ignored="8" hostname="LAPTOP-1A88A725" failures="0" tests="15" name="Test" time="99.859" errors="0" timestamp="2026-06-08T15:21:20 IST">
  <testcase classname="tests.UploadTest" name="uploadMultipleFiles" time="0.201"/>
  <testcase classname="tests.UploadTest" name="uploadSingleFile" time="0.119"/>
  <testcase classname="tests.TableTests" name="verifyChromePresent" time="0.03"/>
  <testcase classname="tests.TableTests" name="verifyDynamicTable" time="0.014"/>
  <testcase classname="tests.TableTests" name="verifyStaticTable" time="0.037"/>
  <testcase classname="tests.AlertTest" name="handleSimpleAlert" time="0.115"/>
  <testcase classname="tests.AlertTest" name="handleConfirmationAlert" time="0.084"/>
  <testcase classname="tests.AlertTest" name="handlePromptAlert" time="0.123"/>
  <testcase classname="tests.FormTest" name="fillForm" time="0.495"/>
  <testcase classname="tests.FormTest" name="fillFormDDT" time="0.266"/>
  <testcase classname="tests.FormTest" name="fillFormDDT" time="0.279"/>
  <testcase classname="tests.MouseActionsTest" name="doubleClickTest" time="0.192"/>
  <testcase classname="tests.MouseActionsTest" name="dragAndDropTest" time="0.286"/>
  <testcase classname="tests.MouseActionsTest" name="mouseHoverTest" time="0.204"/>
  <testcase classname="tests.MouseActionsTest" name="sliderTest" time="0.416"/>
  <testcase classname="base.BaseTest" name="@AfterSuite closeReport" time="0.0">
    <ignored/>
  </testcase> <!-- @AfterSuite closeReport -->
  <testcase classname="base.BaseTest" name="@BeforeSuite setupReport" time="0.0">
    <ignored/>
  </testcase> <!-- @BeforeSuite setupReport -->
  <testcase classname="base.BaseTest" name="@BeforeSuite setupReport" time="0.0">
    <ignored/>
  </testcase> <!-- @BeforeSuite setupReport -->
  <testcase classname="base.BaseTest" name="@BeforeSuite setupReport" time="0.0">
    <ignored/>
  </testcase> <!-- @BeforeSuite setupReport -->
  <testcase classname="base.BaseTest" name="@BeforeSuite setupReport" time="0.0">
    <ignored/>
  </testcase> <!-- @BeforeSuite setupReport -->
  <testcase classname="base.BaseTest" name="@AfterSuite closeReport" time="0.0">
    <ignored/>
  </testcase> <!-- @AfterSuite closeReport -->
  <testcase classname="base.BaseTest" name="@AfterSuite closeReport" time="0.0">
    <ignored/>
  </testcase> <!-- @AfterSuite closeReport -->
  <testcase classname="base.BaseTest" name="@AfterSuite closeReport" time="0.0">
    <ignored/>
  </testcase> <!-- @AfterSuite closeReport -->
</testsuite> <!-- Test -->
