<?xml version="1.0" encoding="UTF-8"?>
<!-- Generated by org.testng.reporters.JUnitXMLReporter -->
<testsuite ignored="18" hostname="LAPTOP-1A88A725" failures="0" tests="25" name="Regression Test" time="169.143" errors="0" timestamp="2026-06-10T12:15:48 IST">
  <testcase classname="tests.UploadTest" name="uploadMultipleFiles" time="0.167"/>
  <testcase classname="tests.UploadTest" name="uploadSingleFile" time="0.126"/>
  <testcase classname="tests.TableTests" name="verifyChromePresent" time="0.044"/>
  <testcase classname="tests.TableTests" name="verifyDynamicTable" time="0.016"/>
  <testcase classname="tests.TableTests" name="verifyPaginationTable" time="5.035"/>
  <testcase classname="tests.TableTests" name="verifyStaticTable" time="0.039"/>
  <testcase classname="tests.AlertTest" name="handleSimpleAlert" time="0.095"/>
  <testcase classname="tests.AlertTest" name="handleConfirmationAlert" time="0.079"/>
  <testcase classname="tests.AlertTest" name="handlePromptAlert" time="0.136"/>
  <testcase classname="tests.FormTest" name="fillForm" time="0.554"/>
  <testcase classname="tests.FormTest" name="fillFormDDT" time="0.252"/>
  <testcase classname="tests.FormTest" name="fillFormDDT" time="0.365"/>
  <testcase classname="tests.MouseActionsTest" name="doubleClickTest" time="0.187"/>
  <testcase classname="tests.MouseActionsTest" name="dragAndDropTest" time="0.291"/>
  <testcase classname="tests.MouseActionsTest" name="mouseHoverTest" time="0.205"/>
  <testcase classname="tests.MouseActionsTest" name="sliderTest" time="0.409"/>
  <testcase classname="tests.DropdownTest" name="selectAnimal" time="0.182"/>
  <testcase classname="tests.DropdownTest" name="selectColor" time="0.21"/>
  <testcase classname="tests.DatePickerTest" name="datePicker1Test" time="0.113"/>
  <testcase classname="tests.DatePickerTest" name="datePicker2Test" time="0.044"/>
  <testcase classname="tests.DatePickerTest" name="dateRangeTest" time="0.259"/>
  <testcase classname="tests.SearchTest" name="wikipediaSearchTest" time="0.195"/>
  <testcase classname="tests.WindowHandlingTest" name="newTabTest" time="0.149"/>
  <testcase classname="tests.WindowHandlingTest" name="popupWindowTest" time="0.273"/>
  <testcase classname="tests.DynamicButtonTest" name="dynamicBtnTest" time="0.097"/>
  <testcase classname="base.BaseTest" name="@AfterSuite closeReport" time="0.0">
    <ignored/>
  </testcase> <!-- @AfterSuite closeReport -->
  <testcase classname="base.BaseTest" name="@AfterSuite closeReport" time="0.0">
    <ignored/>
  </testcase> <!-- @AfterSuite closeReport -->
  <testcase classname="base.BaseTest" name="@BeforeSuite setupReport" time="0.0">
    <ignored/>
  </testcase> <!-- @BeforeSuite setupReport -->
  <testcase classname="base.BaseTest" name="@BeforeSuite setupReport" time="0.0">
    <ignored/>
  </testcase> <!-- @BeforeSuite setupReport -->
  <testcase classname="base.BaseTest" name="@AfterSuite closeReport" time="0.0">
    <ignored/>
  </testcase> <!-- @AfterSuite closeReport -->
  <testcase classname="base.BaseTest" name="@AfterSuite closeReport" time="0.0">
    <ignored/>
  </testcase> <!-- @AfterSuite closeReport -->
  <testcase classname="base.BaseTest" name="@AfterSuite closeReport" time="0.0">
    <ignored/>
  </testcase> <!-- @AfterSuite closeReport -->
  <testcase classname="base.BaseTest" name="@AfterSuite closeReport" time="0.0">
    <ignored/>
  </testcase> <!-- @AfterSuite closeReport -->
  <testcase classname="base.BaseTest" name="@AfterSuite closeReport" time="0.0">
    <ignored/>
  </testcase> <!-- @AfterSuite closeReport -->
  <testcase classname="base.BaseTest" name="@BeforeSuite setupReport" time="0.0">
    <ignored/>
  </testcase> <!-- @BeforeSuite setupReport -->
  <testcase classname="base.BaseTest" name="@AfterSuite closeReport" time="0.0">
    <ignored/>
  </testcase> <!-- @AfterSuite closeReport -->
  <testcase classname="base.BaseTest" name="@BeforeSuite setupReport" time="0.0">
    <ignored/>
  </testcase> <!-- @BeforeSuite setupReport -->
  <testcase classname="base.BaseTest" name="@BeforeSuite setupReport" time="0.0">
    <ignored/>
  </testcase> <!-- @BeforeSuite setupReport -->
  <testcase classname="base.BaseTest" name="@AfterSuite closeReport" time="0.0">
    <ignored/>
  </testcase> <!-- @AfterSuite closeReport -->
  <testcase classname="base.BaseTest" name="@BeforeSuite setupReport" time="0.0">
    <ignored/>
  </testcase> <!-- @BeforeSuite setupReport -->
  <testcase classname="base.BaseTest" name="@BeforeSuite setupReport" time="0.0">
    <ignored/>
  </testcase> <!-- @BeforeSuite setupReport -->
  <testcase classname="base.BaseTest" name="@BeforeSuite setupReport" time="0.0">
    <ignored/>
  </testcase> <!-- @BeforeSuite setupReport -->
  <testcase classname="base.BaseTest" name="@BeforeSuite setupReport" time="0.0">
    <ignored/>
  </testcase> <!-- @BeforeSuite setupReport -->
</testsuite> <!-- Regression Test -->
