<?xml version="1.0" encoding="UTF-8"?>
<!-- Generated by org.testng.reporters.JUnitXMLReporter -->
<testsuite ignored="20" hostname="LAPTOP-1A88A725" failures="0" tests="29" name="Regression Test" time="310.692" errors="0" timestamp="2026-06-11T12:18:58 IST">
  <testcase classname="tests.UploadTest" name="uploadSingleFile" time="6.212"/>
  <testcase classname="tests.UploadTest" name="uploadMultipleFiles" time="6.223"/>
  <testcase classname="tests.TableTests" name="verifyStaticTable" time="2.081"/>
  <testcase classname="tests.TableTests" name="verifyDynamicTable" time="2.045"/>
  <testcase classname="tests.TableTests" name="verifyChromePresent" time="2.069"/>
  <testcase classname="tests.TableTests" name="verifyPaginationTable" time="7.076"/>
  <testcase classname="tests.AlertTest" name="handleSimpleAlert" time="4.112"/>
  <testcase classname="tests.AlertTest" name="handleConfirmationAlert" time="4.116"/>
  <testcase classname="tests.AlertTest" name="handlePromptAlert" time="4.149"/>
  <testcase classname="tests.FormTest" name="fillForm" time="6.576"/>
  <testcase classname="tests.FormTest" name="fillFormDDT" time="4.311"/>
  <testcase classname="tests.FormTest" name="fillFormDDT" time="4.303"/>
  <testcase classname="tests.MouseActionsTest" name="mouseHoverTest" time="4.269"/>
  <testcase classname="tests.MouseActionsTest" name="dragAndDropTest" time="6.332"/>
  <testcase classname="tests.MouseActionsTest" name="doubleClickTest" time="6.238"/>
  <testcase classname="tests.MouseActionsTest" name="sliderTest" time="6.444"/>
  <testcase classname="tests.DropdownTest" name="selectColor" time="4.254"/>
  <testcase classname="tests.DropdownTest" name="selectAnimal" time="4.194"/>
  <testcase classname="tests.DatePickerTest" name="datePicker1Test" time="4.134"/>
  <testcase classname="tests.DatePickerTest" name="datePicker2Test" time="4.071"/>
  <testcase classname="tests.DatePickerTest" name="dateRangeTest" time="4.158"/>
  <testcase classname="tests.SearchTest" name="wikipediaSearchTest" time="4.206"/>
  <testcase classname="tests.WindowHandlingTest" name="newTabTest" time="4.233"/>
  <testcase classname="tests.WindowHandlingTest" name="popupWindowTest" time="6.365"/>
  <testcase classname="tests.DynamicButtonTest" name="dynamicBtnTest" time="4.142"/>
  <testcase classname="tests.ShadowDOMTest" name="shadowTextBoxTest" time="4.122"/>
  <testcase classname="tests.ShadowDOMTest" name="shadowCheckboxTest" time="6.134"/>
  <testcase classname="tests.ShadowDOMTest" name="shadowFileUploadTest" time="6.097"/>
  <testcase classname="tests.ShadowDOMTest" name="clickBlogLinkTest" time="7.79"/>
  <testcase classname="base.BaseTest" name="@AfterSuite closeReport" time="0.0">
    <ignored/>
  </testcase> <!-- @AfterSuite closeReport -->
  <testcase classname="base.BaseTest" name="@BeforeSuite setupReport" time="0.0">
    <ignored/>
  </testcase> <!-- @BeforeSuite setupReport -->
  <testcase classname="base.BaseTest" name="@AfterSuite closeReport" time="0.0">
    <ignored/>
  </testcase> <!-- @AfterSuite closeReport -->
  <testcase classname="base.BaseTest" name="@AfterSuite closeReport" time="0.0">
    <ignored/>
  </testcase> <!-- @AfterSuite closeReport -->
  <testcase classname="base.BaseTest" name="@AfterSuite closeReport" time="0.0">
    <ignored/>
  </testcase> <!-- @AfterSuite closeReport -->
  <testcase classname="base.BaseTest" name="@AfterSuite closeReport" time="0.0">
    <ignored/>
  </testcase> <!-- @AfterSuite closeReport -->
  <testcase classname="base.BaseTest" name="@BeforeSuite setupReport" time="0.0">
    <ignored/>
  </testcase> <!-- @BeforeSuite setupReport -->
  <testcase classname="base.BaseTest" name="@AfterSuite closeReport" time="0.0">
    <ignored/>
  </testcase> <!-- @AfterSuite closeReport -->
  <testcase classname="base.BaseTest" name="@BeforeSuite setupReport" time="0.0">
    <ignored/>
  </testcase> <!-- @BeforeSuite setupReport -->
  <testcase classname="base.BaseTest" name="@BeforeSuite setupReport" time="0.0">
    <ignored/>
  </testcase> <!-- @BeforeSuite setupReport -->
  <testcase classname="base.BaseTest" name="@BeforeSuite setupReport" time="0.0">
    <ignored/>
  </testcase> <!-- @BeforeSuite setupReport -->
  <testcase classname="base.BaseTest" name="@AfterSuite closeReport" time="0.0">
    <ignored/>
  </testcase> <!-- @AfterSuite closeReport -->
  <testcase classname="base.BaseTest" name="@BeforeSuite setupReport" time="0.0">
    <ignored/>
  </testcase> <!-- @BeforeSuite setupReport -->
  <testcase classname="base.BaseTest" name="@AfterSuite closeReport" time="0.0">
    <ignored/>
  </testcase> <!-- @AfterSuite closeReport -->
  <testcase classname="base.BaseTest" name="@BeforeSuite setupReport" time="0.0">
    <ignored/>
  </testcase> <!-- @BeforeSuite setupReport -->
  <testcase classname="base.BaseTest" name="@BeforeSuite setupReport" time="0.0">
    <ignored/>
  </testcase> <!-- @BeforeSuite setupReport -->
  <testcase classname="base.BaseTest" name="@BeforeSuite setupReport" time="0.0">
    <ignored/>
  </testcase> <!-- @BeforeSuite setupReport -->
  <testcase classname="base.BaseTest" name="@BeforeSuite setupReport" time="0.0">
    <ignored/>
  </testcase> <!-- @BeforeSuite setupReport -->
  <testcase classname="base.BaseTest" name="@AfterSuite closeReport" time="0.0">
    <ignored/>
  </testcase> <!-- @AfterSuite closeReport -->
  <testcase classname="base.BaseTest" name="@AfterSuite closeReport" time="0.0">
    <ignored/>
  </testcase> <!-- @AfterSuite closeReport -->
</testsuite> <!-- Regression Test -->
