<?xml version="1.0" encoding="UTF-8"?>
<testng-results ignored="0" total="29" passed="29" failed="0" skipped="0">
  <reporter-output>
  </reporter-output>
  <suite started-at="2026-06-11T12:13:48 IST" name="GUI Elements Suite" finished-at="2026-06-11T12:18:58 IST" duration-ms="310692">
    <groups>
    </groups>
    <test started-at="2026-06-11T12:13:48 IST" name="Regression Test" finished-at="2026-06-11T12:18:58 IST" duration-ms="310692">
      <class name="tests.ShadowDOMTest">
        <test-method is-config="true" signature="setup(java.lang.reflect.Method)[pri:0, instance:tests.ShadowDOMTest@1c32386d]" started-at="2026-06-11T12:18:04 IST" name="setup" finished-at="2026-06-11T12:18:09 IST" duration-ms="4779" status="PASS">
          <params>
            <param index="0">
              <value>
                <![CDATA[public void tests.ShadowDOMTest.shadowTextBoxTest()]]>
              </value>
            </param>
          </params>
          <reporter-output>
          </reporter-output>
        </test-method> <!-- setup -->
        <test-method signature="shadowTextBoxTest()[pri:1, instance:tests.ShadowDOMTest@1c32386d]" started-at="2026-06-11T12:18:09 IST" name="shadowTextBoxTest" finished-at="2026-06-11T12:18:13 IST" duration-ms="4122" status="PASS">
          <reporter-output>
          </reporter-output>
        </test-method> <!-- shadowTextBoxTest -->
        <test-method is-config="true" signature="tearDown(org.testng.ITestResult)[pri:0, instance:tests.ShadowDOMTest@1c32386d]" started-at="2026-06-11T12:18:13 IST" name="tearDown" finished-at="2026-06-11T12:18:13 IST" duration-ms="165" status="PASS">
          <params>
            <param index="0">
              <value>
                <![CDATA[[TestResult name=shadowTextBoxTest status=SUCCESS method=ShadowDOMTest.shadowTextBoxTest()[pri:1, instance:tests.ShadowDOMTest@1c32386d] output={null}]]]>
              </value>
            </param>
          </params>
          <reporter-output>
          </reporter-output>
        </test-method> <!-- tearDown -->
        <test-method is-config="true" signature="setup(java.lang.reflect.Method)[pri:0, instance:tests.ShadowDOMTest@1c32386d]" started-at="2026-06-11T12:18:13 IST" name="setup" finished-at="2026-06-11T12:18:18 IST" duration-ms="5290" status="PASS">
          <params>
            <param index="0">
              <value>
                <![CDATA[public void tests.ShadowDOMTest.shadowCheckboxTest()]]>
              </value>
            </param>
          </params>
          <reporter-output>
          </reporter-output>
        </test-method> <!-- setup -->
        <test-method signature="shadowCheckboxTest()[pri:2, instance:tests.ShadowDOMTest@1c32386d]" started-at="2026-06-11T12:18:18 IST" name="shadowCheckboxTest" finished-at="2026-06-11T12:18:25 IST" duration-ms="6134" status="PASS">
          <reporter-output>
          </reporter-output>
        </test-method> <!-- shadowCheckboxTest -->
        <test-method is-config="true" signature="tearDown(org.testng.ITestResult)[pri:0, instance:tests.ShadowDOMTest@1c32386d]" started-at="2026-06-11T12:18:25 IST" name="tearDown" finished-at="2026-06-11T12:18:25 IST" duration-ms="206" status="PASS">
          <params>
            <param index="0">
              <value>
                <![CDATA[[TestResult name=shadowCheckboxTest status=SUCCESS method=ShadowDOMTest.shadowCheckboxTest()[pri:2, instance:tests.ShadowDOMTest@1c32386d] output={null}]]]>
              </value>
            </param>
          </params>
          <reporter-output>
          </reporter-output>
        </test-method> <!-- tearDown -->
        <test-method is-config="true" signature="setup(java.lang.reflect.Method)[pri:0, instance:tests.ShadowDOMTest@1c32386d]" started-at="2026-06-11T12:18:25 IST" name="setup" finished-at="2026-06-11T12:18:32 IST" duration-ms="7622" status="PASS">
          <params>
            <param index="0">
              <value>
                <![CDATA[public void tests.ShadowDOMTest.shadowFileUploadTest()]]>
              </value>
            </param>
          </params>
          <reporter-output>
          </reporter-output>
        </test-method> <!-- setup -->
        <test-method signature="shadowFileUploadTest()[pri:3, instance:tests.ShadowDOMTest@1c32386d]" started-at="2026-06-11T12:18:32 IST" name="shadowFileUploadTest" finished-at="2026-06-11T12:18:38 IST" duration-ms="6097" status="PASS">
          <reporter-output>
          </reporter-output>
        </test-method> <!-- shadowFileUploadTest -->
        <test-method is-config="true" signature="tearDown(org.testng.ITestResult)[pri:0, instance:tests.ShadowDOMTest@1c32386d]" started-at="2026-06-11T12:18:38 IST" name="tearDown" finished-at="2026-06-11T12:18:39 IST" duration-ms="180" status="PASS">
          <params>
            <param index="0">
              <value>
                <![CDATA[[TestResult name=shadowFileUploadTest status=SUCCESS method=ShadowDOMTest.shadowFileUploadTest()[pri:3, instance:tests.ShadowDOMTest@1c32386d] output={null}]]]>
              </value>
            </param>
          </params>
          <reporter-output>
          </reporter-output>
        </test-method> <!-- tearDown -->
        <test-method is-config="true" signature="setup(java.lang.reflect.Method)[pri:0, instance:tests.ShadowDOMTest@1c32386d]" started-at="2026-06-11T12:18:39 IST" name="setup" finished-at="2026-06-11T12:18:50 IST" duration-ms="11525" status="PASS">
          <params>
            <param index="0">
              <value>
                <![CDATA[public void tests.ShadowDOMTest.clickBlogLinkTest()]]>
              </value>
            </param>
          </params>
          <reporter-output>
          </reporter-output>
        </test-method> <!-- setup -->
        <test-method signature="clickBlogLinkTest()[pri:4, instance:tests.ShadowDOMTest@1c32386d]" started-at="2026-06-11T12:18:50 IST" name="clickBlogLinkTest" finished-at="2026-06-11T12:18:58 IST" duration-ms="7790" status="PASS">
          <reporter-output>
          </reporter-output>
        </test-method> <!-- clickBlogLinkTest -->
        <test-method is-config="true" signature="tearDown(org.testng.ITestResult)[pri:0, instance:tests.ShadowDOMTest@1c32386d]" started-at="2026-06-11T12:18:58 IST" name="tearDown" finished-at="2026-06-11T12:18:58 IST" duration-ms="222" status="PASS">
          <params>
            <param index="0">
              <value>
                <![CDATA[[TestResult name=clickBlogLinkTest status=SUCCESS method=ShadowDOMTest.clickBlogLinkTest()[pri:4, instance:tests.ShadowDOMTest@1c32386d] output={null}]]]>
              </value>
            </param>
          </params>
          <reporter-output>
          </reporter-output>
        </test-method> <!-- tearDown -->
      </class> <!-- tests.ShadowDOMTest -->
      <class name="tests.MouseActionsTest">
        <test-method is-config="true" signature="setup(java.lang.reflect.Method)[pri:0, instance:tests.MouseActionsTest@39fcbef6]" started-at="2026-06-11T12:15:54 IST" name="setup" finished-at="2026-06-11T12:15:59 IST" duration-ms="4599" status="PASS">
          <params>
            <param index="0">
              <value>
                <![CDATA[public void tests.MouseActionsTest.mouseHoverTest()]]>
              </value>
            </param>
          </params>
          <reporter-output>
          </reporter-output>
        </test-method> <!-- setup -->
        <test-method signature="mouseHoverTest()[pri:1, instance:tests.MouseActionsTest@39fcbef6]" started-at="2026-06-11T12:15:59 IST" name="mouseHoverTest" finished-at="2026-06-11T12:16:03 IST" duration-ms="4269" status="PASS">
          <reporter-output>
          </reporter-output>
        </test-method> <!-- mouseHoverTest -->
        <test-method is-config="true" signature="tearDown(org.testng.ITestResult)[pri:0, instance:tests.MouseActionsTest@39fcbef6]" started-at="2026-06-11T12:16:03 IST" name="tearDown" finished-at="2026-06-11T12:16:03 IST" duration-ms="179" status="PASS">
          <params>
            <param index="0">
              <value>
                <![CDATA[[TestResult name=mouseHoverTest status=SUCCESS method=MouseActionsTest.mouseHoverTest()[pri:1, instance:tests.MouseActionsTest@39fcbef6] output={null}]]]>
              </value>
            </param>
          </params>
          <reporter-output>
          </reporter-output>
        </test-method> <!-- tearDown -->
        <test-method is-config="true" signature="setup(java.lang.reflect.Method)[pri:0, instance:tests.MouseActionsTest@39fcbef6]" started-at="2026-06-11T12:16:03 IST" name="setup" finished-at="2026-06-11T12:16:07 IST" duration-ms="4290" status="PASS">
          <params>
            <param index="0">
              <value>
                <![CDATA[public void tests.MouseActionsTest.dragAndDropTest()]]>
              </value>
            </param>
          </params>
          <reporter-output>
          </reporter-output>
        </test-method> <!-- setup -->
        <test-method signature="dragAndDropTest()[pri:2, instance:tests.MouseActionsTest@39fcbef6]" started-at="2026-06-11T12:16:07 IST" name="dragAndDropTest" finished-at="2026-06-11T12:16:14 IST" duration-ms="6332" status="PASS">
          <reporter-output>
          </reporter-output>
        </test-method> <!-- dragAndDropTest -->
        <test-method is-config="true" signature="tearDown(org.testng.ITestResult)[pri:0, instance:tests.MouseActionsTest@39fcbef6]" started-at="2026-06-11T12:16:14 IST" name="tearDown" finished-at="2026-06-11T12:16:14 IST" duration-ms="200" status="PASS">
          <params>
            <param index="0">
              <value>
                <![CDATA[[TestResult name=dragAndDropTest status=SUCCESS method=MouseActionsTest.dragAndDropTest()[pri:2, instance:tests.MouseActionsTest@39fcbef6] output={null}]]]>
              </value>
            </param>
          </params>
          <reporter-output>
          </reporter-output>
        </test-method> <!-- tearDown -->
        <test-method is-config="true" signature="setup(java.lang.reflect.Method)[pri:0, instance:tests.MouseActionsTest@39fcbef6]" started-at="2026-06-11T12:16:14 IST" name="setup" finished-at="2026-06-11T12:16:19 IST" duration-ms="4659" status="PASS">
          <params>
            <param index="0">
              <value>
                <![CDATA[public void tests.MouseActionsTest.doubleClickTest()]]>
              </value>
            </param>
          </params>
          <reporter-output>
          </reporter-output>
        </test-method> <!-- setup -->
        <test-method signature="doubleClickTest()[pri:3, instance:tests.MouseActionsTest@39fcbef6]" started-at="2026-06-11T12:16:19 IST" name="doubleClickTest" finished-at="2026-06-11T12:16:25 IST" duration-ms="6238" status="PASS">
          <reporter-output>
          </reporter-output>
        </test-method> <!-- doubleClickTest -->
        <test-method is-config="true" signature="tearDown(org.testng.ITestResult)[pri:0, instance:tests.MouseActionsTest@39fcbef6]" started-at="2026-06-11T12:16:25 IST" name="tearDown" finished-at="2026-06-11T12:16:25 IST" duration-ms="205" status="PASS">
          <params>
            <param index="0">
              <value>
                <![CDATA[[TestResult name=doubleClickTest status=SUCCESS method=MouseActionsTest.doubleClickTest()[pri:3, instance:tests.MouseActionsTest@39fcbef6] output={null}]]]>
              </value>
            </param>
          </params>
          <reporter-output>
          </reporter-output>
        </test-method> <!-- tearDown -->
        <test-method is-config="true" signature="setup(java.lang.reflect.Method)[pri:0, instance:tests.MouseActionsTest@39fcbef6]" started-at="2026-06-11T12:16:25 IST" name="setup" finished-at="2026-06-11T12:16:30 IST" duration-ms="4453" status="PASS">
          <params>
            <param index="0">
              <value>
                <![CDATA[public void tests.MouseActionsTest.sliderTest()]]>
              </value>
            </param>
          </params>
          <reporter-output>
          </reporter-output>
        </test-method> <!-- setup -->
        <test-method signature="sliderTest()[pri:4, instance:tests.MouseActionsTest@39fcbef6]" started-at="2026-06-11T12:16:30 IST" name="sliderTest" finished-at="2026-06-11T12:16:36 IST" duration-ms="6444" status="PASS">
          <reporter-output>
          </reporter-output>
        </test-method> <!-- sliderTest -->
        <test-method is-config="true" signature="tearDown(org.testng.ITestResult)[pri:0, instance:tests.MouseActionsTest@39fcbef6]" started-at="2026-06-11T12:16:36 IST" name="tearDown" finished-at="2026-06-11T12:16:36 IST" duration-ms="205" status="PASS">
          <params>
            <param index="0">
              <value>
                <![CDATA[[TestResult name=sliderTest status=SUCCESS method=MouseActionsTest.sliderTest()[pri:4, instance:tests.MouseActionsTest@39fcbef6] output={null}]]]>
              </value>
            </param>
          </params>
          <reporter-output>
          </reporter-output>
        </test-method> <!-- tearDown -->
      </class> <!-- tests.MouseActionsTest -->
      <class name="tests.TableTests">
        <test-method is-config="true" signature="setup(java.lang.reflect.Method)[pri:0, instance:tests.TableTests@46268f08]" started-at="2026-06-11T12:14:12 IST" name="setup" finished-at="2026-06-11T12:14:16 IST" duration-ms="4339" status="PASS">
          <params>
            <param index="0">
              <value>
                <![CDATA[public void tests.TableTests.verifyStaticTable()]]>
              </value>
            </param>
          </params>
          <reporter-output>
          </reporter-output>
        </test-method> <!-- setup -->
        <test-method signature="verifyStaticTable()[pri:1, instance:tests.TableTests@46268f08]" started-at="2026-06-11T12:14:16 IST" name="verifyStaticTable" finished-at="2026-06-11T12:14:18 IST" duration-ms="2081" status="PASS">
          <reporter-output>
          </reporter-output>
        </test-method> <!-- verifyStaticTable -->
        <test-method is-config="true" signature="tearDown(org.testng.ITestResult)[pri:0, instance:tests.TableTests@46268f08]" started-at="2026-06-11T12:14:18 IST" name="tearDown" finished-at="2026-06-11T12:14:18 IST" duration-ms="239" status="PASS">
          <params>
            <param index="0">
              <value>
                <![CDATA[[TestResult name=verifyStaticTable status=SUCCESS method=TableTests.verifyStaticTable()[pri:1, instance:tests.TableTests@46268f08] output={null}]]]>
              </value>
            </param>
          </params>
          <reporter-output>
          </reporter-output>
        </test-method> <!-- tearDown -->
        <test-method is-config="true" signature="setup(java.lang.reflect.Method)[pri:0, instance:tests.TableTests@46268f08]" started-at="2026-06-11T12:14:18 IST" name="setup" finished-at="2026-06-11T12:14:23 IST" duration-ms="4942" status="PASS">
          <params>
            <param index="0">
              <value>
                <![CDATA[public void tests.TableTests.verifyDynamicTable()]]>
              </value>
            </param>
          </params>
          <reporter-output>
          </reporter-output>
        </test-method> <!-- setup -->
        <test-method signature="verifyDynamicTable()[pri:2, instance:tests.TableTests@46268f08]" started-at="2026-06-11T12:14:23 IST" name="verifyDynamicTable" finished-at="2026-06-11T12:14:25 IST" duration-ms="2045" status="PASS">
          <reporter-output>
          </reporter-output>
        </test-method> <!-- verifyDynamicTable -->
        <test-method is-config="true" signature="tearDown(org.testng.ITestResult)[pri:0, instance:tests.TableTests@46268f08]" started-at="2026-06-11T12:14:25 IST" name="tearDown" finished-at="2026-06-11T12:14:26 IST" duration-ms="241" status="PASS">
          <params>
            <param index="0">
              <value>
                <![CDATA[[TestResult name=verifyDynamicTable status=SUCCESS method=TableTests.verifyDynamicTable()[pri:2, instance:tests.TableTests@46268f08] output={null}]]]>
              </value>
            </param>
          </params>
          <reporter-output>
          </reporter-output>
        </test-method> <!-- tearDown -->
        <test-method is-config="true" signature="setup(java.lang.reflect.Method)[pri:0, instance:tests.TableTests@46268f08]" started-at="2026-06-11T12:14:26 IST" name="setup" finished-at="2026-06-11T12:14:32 IST" duration-ms="6845" status="PASS">
          <params>
            <param index="0">
              <value>
                <![CDATA[public void tests.TableTests.verifyChromePresent()]]>
              </value>
            </param>
          </params>
          <reporter-output>
          </reporter-output>
        </test-method> <!-- setup -->
        <test-method signature="verifyChromePresent()[pri:3, instance:tests.TableTests@46268f08]" started-at="2026-06-11T12:14:32 IST" name="verifyChromePresent" finished-at="2026-06-11T12:14:34 IST" duration-ms="2069" status="PASS">
          <reporter-output>
          </reporter-output>
        </test-method> <!-- verifyChromePresent -->
        <test-method is-config="true" signature="tearDown(org.testng.ITestResult)[pri:0, instance:tests.TableTests@46268f08]" started-at="2026-06-11T12:14:34 IST" name="tearDown" finished-at="2026-06-11T12:14:35 IST" duration-ms="156" status="PASS">
          <params>
            <param index="0">
              <value>
                <![CDATA[[TestResult name=verifyChromePresent status=SUCCESS method=TableTests.verifyChromePresent()[pri:3, instance:tests.TableTests@46268f08] output={null}]]]>
              </value>
            </param>
          </params>
          <reporter-output>
          </reporter-output>
        </test-method> <!-- tearDown -->
        <test-method is-config="true" signature="setup(java.lang.reflect.Method)[pri:0, instance:tests.TableTests@46268f08]" started-at="2026-06-11T12:14:35 IST" name="setup" finished-at="2026-06-11T12:14:39 IST" duration-ms="4704" status="PASS">
          <params>
            <param index="0">
              <value>
                <![CDATA[public void tests.TableTests.verifyPaginationTable()]]>
              </value>
            </param>
          </params>
          <reporter-output>
          </reporter-output>
        </test-method> <!-- setup -->
        <test-method signature="verifyPaginationTable()[pri:4, instance:tests.TableTests@46268f08]" started-at="2026-06-11T12:14:39 IST" name="verifyPaginationTable" finished-at="2026-06-11T12:14:46 IST" duration-ms="7076" status="PASS">
          <reporter-output>
          </reporter-output>
        </test-method> <!-- verifyPaginationTable -->
        <test-method is-config="true" signature="tearDown(org.testng.ITestResult)[pri:0, instance:tests.TableTests@46268f08]" started-at="2026-06-11T12:14:46 IST" name="tearDown" finished-at="2026-06-11T12:14:47 IST" duration-ms="190" status="PASS">
          <params>
            <param index="0">
              <value>
                <![CDATA[[TestResult name=verifyPaginationTable status=SUCCESS method=TableTests.verifyPaginationTable()[pri:4, instance:tests.TableTests@46268f08] output={null}]]]>
              </value>
            </param>
          </params>
          <reporter-output>
          </reporter-output>
        </test-method> <!-- tearDown -->
      </class> <!-- tests.TableTests -->
      <class name="tests.DynamicButtonTest">
        <test-method is-config="true" signature="setup(java.lang.reflect.Method)[pri:0, instance:tests.DynamicButtonTest@6fe1b4fb]" started-at="2026-06-11T12:17:55 IST" name="setup" finished-at="2026-06-11T12:18:00 IST" duration-ms="5098" status="PASS">
          <params>
            <param index="0">
              <value>
                <![CDATA[public void tests.DynamicButtonTest.dynamicBtnTest()]]>
              </value>
            </param>
          </params>
          <reporter-output>
          </reporter-output>
        </test-method> <!-- setup -->
        <test-method signature="dynamicBtnTest()[pri:0, instance:tests.DynamicButtonTest@6fe1b4fb]" started-at="2026-06-11T12:18:00 IST" name="dynamicBtnTest" finished-at="2026-06-11T12:18:04 IST" duration-ms="4142" status="PASS">
          <reporter-output>
          </reporter-output>
        </test-method> <!-- dynamicBtnTest -->
        <test-method is-config="true" signature="tearDown(org.testng.ITestResult)[pri:0, instance:tests.DynamicButtonTest@6fe1b4fb]" started-at="2026-06-11T12:18:04 IST" name="tearDown" finished-at="2026-06-11T12:18:04 IST" duration-ms="214" status="PASS">
          <params>
            <param index="0">
              <value>
                <![CDATA[[TestResult name=dynamicBtnTest status=SUCCESS method=DynamicButtonTest.dynamicBtnTest()[pri:0, instance:tests.DynamicButtonTest@6fe1b4fb] output={null}]]]>
              </value>
            </param>
          </params>
          <reporter-output>
          </reporter-output>
        </test-method> <!-- tearDown -->
      </class> <!-- tests.DynamicButtonTest -->
      <class name="tests.UploadTest">
        <test-method is-config="true" signature="setupReport()[pri:0, instance:tests.UploadTest@55dfcc6]" started-at="2026-06-11T12:13:47 IST" name="setupReport" finished-at="2026-06-11T12:13:48 IST" duration-ms="213" status="PASS">
          <reporter-output>
          </reporter-output>
        </test-method> <!-- setupReport -->
        <test-method is-config="true" signature="setup(java.lang.reflect.Method)[pri:0, instance:tests.UploadTest@55dfcc6]" started-at="2026-06-11T12:13:48 IST" name="setup" finished-at="2026-06-11T12:13:54 IST" duration-ms="6327" status="PASS">
          <params>
            <param index="0">
              <value>
                <![CDATA[public void tests.UploadTest.uploadSingleFile()]]>
              </value>
            </param>
          </params>
          <reporter-output>
          </reporter-output>
        </test-method> <!-- setup -->
        <test-method signature="uploadSingleFile()[pri:1, instance:tests.UploadTest@55dfcc6]" started-at="2026-06-11T12:13:54 IST" name="uploadSingleFile" finished-at="2026-06-11T12:14:00 IST" duration-ms="6212" status="PASS">
          <reporter-output>
          </reporter-output>
        </test-method> <!-- uploadSingleFile -->
        <test-method is-config="true" signature="tearDown(org.testng.ITestResult)[pri:0, instance:tests.UploadTest@55dfcc6]" started-at="2026-06-11T12:14:00 IST" name="tearDown" finished-at="2026-06-11T12:14:00 IST" duration-ms="207" status="PASS">
          <params>
            <param index="0">
              <value>
                <![CDATA[[TestResult name=uploadSingleFile status=SUCCESS method=UploadTest.uploadSingleFile()[pri:1, instance:tests.UploadTest@55dfcc6] output={null}]]]>
              </value>
            </param>
          </params>
          <reporter-output>
          </reporter-output>
        </test-method> <!-- tearDown -->
        <test-method is-config="true" signature="setup(java.lang.reflect.Method)[pri:0, instance:tests.UploadTest@55dfcc6]" started-at="2026-06-11T12:14:00 IST" name="setup" finished-at="2026-06-11T12:14:05 IST" duration-ms="4920" status="PASS">
          <params>
            <param index="0">
              <value>
                <![CDATA[public void tests.UploadTest.uploadMultipleFiles()]]>
              </value>
            </param>
          </params>
          <reporter-output>
          </reporter-output>
        </test-method> <!-- setup -->
        <test-method signature="uploadMultipleFiles()[pri:2, instance:tests.UploadTest@55dfcc6]" started-at="2026-06-11T12:14:05 IST" name="uploadMultipleFiles" finished-at="2026-06-11T12:14:11 IST" duration-ms="6223" status="PASS">
          <reporter-output>
          </reporter-output>
        </test-method> <!-- uploadMultipleFiles -->
        <test-method is-config="true" signature="tearDown(org.testng.ITestResult)[pri:0, instance:tests.UploadTest@55dfcc6]" started-at="2026-06-11T12:14:11 IST" name="tearDown" finished-at="2026-06-11T12:14:12 IST" duration-ms="213" status="PASS">
          <params>
            <param index="0">
              <value>
                <![CDATA[[TestResult name=uploadMultipleFiles status=SUCCESS method=UploadTest.uploadMultipleFiles()[pri:2, instance:tests.UploadTest@55dfcc6] output={null}]]]>
              </value>
            </param>
          </params>
          <reporter-output>
          </reporter-output>
        </test-method> <!-- tearDown -->
        <test-method is-config="true" signature="closeReport()[pri:0, instance:tests.UploadTest@55dfcc6]" started-at="2026-06-11T12:18:58 IST" name="closeReport" finished-at="2026-06-11T12:18:59 IST" duration-ms="323" status="PASS">
          <reporter-output>
          </reporter-output>
        </test-method> <!-- closeReport -->
      </class> <!-- tests.UploadTest -->
      <class name="tests.WindowHandlingTest">
        <test-method is-config="true" signature="setup(java.lang.reflect.Method)[pri:0, instance:tests.WindowHandlingTest@67304a40]" started-at="2026-06-11T12:17:33 IST" name="setup" finished-at="2026-06-11T12:17:39 IST" duration-ms="5639" status="PASS">
          <params>
            <param index="0">
              <value>
                <![CDATA[public void tests.WindowHandlingTest.newTabTest()]]>
              </value>
            </param>
          </params>
          <reporter-output>
          </reporter-output>
        </test-method> <!-- setup -->
        <test-method signature="newTabTest()[pri:1, instance:tests.WindowHandlingTest@67304a40]" started-at="2026-06-11T12:17:39 IST" name="newTabTest" finished-at="2026-06-11T12:17:43 IST" duration-ms="4233" status="PASS">
          <reporter-output>
          </reporter-output>
        </test-method> <!-- newTabTest -->
        <test-method is-config="true" signature="tearDown(org.testng.ITestResult)[pri:0, instance:tests.WindowHandlingTest@67304a40]" started-at="2026-06-11T12:17:43 IST" name="tearDown" finished-at="2026-06-11T12:17:43 IST" duration-ms="153" status="PASS">
          <params>
            <param index="0">
              <value>
                <![CDATA[[TestResult name=newTabTest status=SUCCESS method=WindowHandlingTest.newTabTest()[pri:1, instance:tests.WindowHandlingTest@67304a40] output={null}]]]>
              </value>
            </param>
          </params>
          <reporter-output>
          </reporter-output>
        </test-method> <!-- tearDown -->
        <test-method is-config="true" signature="setup(java.lang.reflect.Method)[pri:0, instance:tests.WindowHandlingTest@67304a40]" started-at="2026-06-11T12:17:43 IST" name="setup" finished-at="2026-06-11T12:17:48 IST" duration-ms="4451" status="PASS">
          <params>
            <param index="0">
              <value>
                <![CDATA[public void tests.WindowHandlingTest.popupWindowTest()]]>
              </value>
            </param>
          </params>
          <reporter-output>
          </reporter-output>
        </test-method> <!-- setup -->
        <test-method signature="popupWindowTest()[pri:2, instance:tests.WindowHandlingTest@67304a40]" started-at="2026-06-11T12:17:48 IST" name="popupWindowTest" finished-at="2026-06-11T12:17:54 IST" duration-ms="6365" status="PASS">
          <reporter-output>
          </reporter-output>
        </test-method> <!-- popupWindowTest -->
        <test-method is-config="true" signature="tearDown(org.testng.ITestResult)[pri:0, instance:tests.WindowHandlingTest@67304a40]" started-at="2026-06-11T12:17:54 IST" name="tearDown" finished-at="2026-06-11T12:17:55 IST" duration-ms="312" status="PASS">
          <params>
            <param index="0">
              <value>
                <![CDATA[[TestResult name=popupWindowTest status=SUCCESS method=WindowHandlingTest.popupWindowTest()[pri:2, instance:tests.WindowHandlingTest@67304a40] output={null}]]]>
              </value>
            </param>
          </params>
          <reporter-output>
          </reporter-output>
        </test-method> <!-- tearDown -->
      </class> <!-- tests.WindowHandlingTest -->
      <class name="tests.FormTest">
        <test-method is-config="true" signature="setup(java.lang.reflect.Method)[pri:0, instance:tests.FormTest@7cf6a5f9]" started-at="2026-06-11T12:15:18 IST" name="setup" finished-at="2026-06-11T12:15:24 IST" duration-ms="5835" status="PASS">
          <params>
            <param index="0">
              <value>
                <![CDATA[public void tests.FormTest.fillForm()]]>
              </value>
            </param>
          </params>
          <reporter-output>
          </reporter-output>
        </test-method> <!-- setup -->
        <test-method signature="fillForm()[pri:1, instance:tests.FormTest@7cf6a5f9]" started-at="2026-06-11T12:15:24 IST" name="fillForm" finished-at="2026-06-11T12:15:31 IST" duration-ms="6576" status="PASS">
          <reporter-output>
          </reporter-output>
        </test-method> <!-- fillForm -->
        <test-method is-config="true" signature="tearDown(org.testng.ITestResult)[pri:0, instance:tests.FormTest@7cf6a5f9]" started-at="2026-06-11T12:15:31 IST" name="tearDown" finished-at="2026-06-11T12:15:31 IST" duration-ms="169" status="PASS">
          <params>
            <param index="0">
              <value>
                <![CDATA[[TestResult name=fillForm status=SUCCESS method=FormTest.fillForm()[pri:1, instance:tests.FormTest@7cf6a5f9] output={null}]]]>
              </value>
            </param>
          </params>
          <reporter-output>
          </reporter-output>
        </test-method> <!-- tearDown -->
        <test-method is-config="true" signature="setup(java.lang.reflect.Method)[pri:0, instance:tests.FormTest@7cf6a5f9]" started-at="2026-06-11T12:15:32 IST" name="setup" finished-at="2026-06-11T12:15:39 IST" duration-ms="7801" status="PASS">
          <params>
            <param index="0">
              <value>
                <![CDATA[public void tests.FormTest.fillFormDDT(java.lang.String,java.lang.String,java.lang.String,java.lang.String)]]>
              </value>
            </param>
          </params>
          <reporter-output>
          </reporter-output>
        </test-method> <!-- setup -->
        <test-method signature="fillFormDDT(java.lang.String,java.lang.String,java.lang.String,java.lang.String)[pri:2, instance:tests.FormTest@7cf6a5f9]" started-at="2026-06-11T12:15:39 IST" name="fillFormDDT" data-provider="excelData" finished-at="2026-06-11T12:15:44 IST" duration-ms="4311" status="PASS">
          <params>
            <param index="0">
              <value>
                <![CDATA[Harshit]]>
              </value>
            </param>
            <param index="1">
              <value>
                <![CDATA[xyz@example.com]]>
              </value>
            </param>
            <param index="2">
              <value>
                <![CDATA[9876543210]]>
              </value>
            </param>
            <param index="3">
              <value>
                <![CDATA[Shahdol]]>
              </value>
            </param>
          </params>
          <reporter-output>
          </reporter-output>
        </test-method> <!-- fillFormDDT -->
        <test-method is-config="true" signature="tearDown(org.testng.ITestResult)[pri:0, instance:tests.FormTest@7cf6a5f9]" started-at="2026-06-11T12:15:44 IST" name="tearDown" finished-at="2026-06-11T12:15:44 IST" duration-ms="170" status="PASS">
          <params>
            <param index="0">
              <value>
                <![CDATA[[TestResult name=fillFormDDT status=SUCCESS method=FormTest.fillFormDDT(java.lang.String,java.lang.String,java.lang.String,java.lang.String)[pri:2, instance:tests.FormTest@7cf6a5f9] output={null}]]]>
              </value>
            </param>
          </params>
          <reporter-output>
          </reporter-output>
        </test-method> <!-- tearDown -->
        <test-method is-config="true" signature="setup(java.lang.reflect.Method)[pri:0, instance:tests.FormTest@7cf6a5f9]" started-at="2026-06-11T12:15:44 IST" name="setup" finished-at="2026-06-11T12:15:50 IST" duration-ms="5836" status="PASS">
          <params>
            <param index="0">
              <value>
                <![CDATA[public void tests.FormTest.fillFormDDT(java.lang.String,java.lang.String,java.lang.String,java.lang.String)]]>
              </value>
            </param>
          </params>
          <reporter-output>
          </reporter-output>
        </test-method> <!-- setup -->
        <test-method signature="fillFormDDT(java.lang.String,java.lang.String,java.lang.String,java.lang.String)[pri:2, instance:tests.FormTest@7cf6a5f9]" started-at="2026-06-11T12:15:50 IST" name="fillFormDDT" data-provider="excelData" finished-at="2026-06-11T12:15:54 IST" duration-ms="4303" status="PASS">
          <params>
            <param index="0">
              <value>
                <![CDATA[Gaurav]]>
              </value>
            </param>
            <param index="1">
              <value>
                <![CDATA[abc@gmail.com]]>
              </value>
            </param>
            <param index="2">
              <value>
                <![CDATA[8976543210]]>
              </value>
            </param>
            <param index="3">
              <value>
                <![CDATA[Bhopal]]>
              </value>
            </param>
          </params>
          <reporter-output>
          </reporter-output>
        </test-method> <!-- fillFormDDT -->
        <test-method is-config="true" signature="tearDown(org.testng.ITestResult)[pri:0, instance:tests.FormTest@7cf6a5f9]" started-at="2026-06-11T12:15:54 IST" name="tearDown" finished-at="2026-06-11T12:15:54 IST" duration-ms="172" status="PASS">
          <params>
            <param index="0">
              <value>
                <![CDATA[[TestResult name=fillFormDDT status=SUCCESS method=FormTest.fillFormDDT(java.lang.String,java.lang.String,java.lang.String,java.lang.String)[pri:2, instance:tests.FormTest@7cf6a5f9] output={null}]]]>
              </value>
            </param>
          </params>
          <reporter-output>
          </reporter-output>
        </test-method> <!-- tearDown -->
      </class> <!-- tests.FormTest -->
      <class name="tests.AlertTest">
        <test-method is-config="true" signature="setup(java.lang.reflect.Method)[pri:0, instance:tests.AlertTest@71454b9d]" started-at="2026-06-11T12:14:47 IST" name="setup" finished-at="2026-06-11T12:14:52 IST" duration-ms="5837" status="PASS">
          <params>
            <param index="0">
              <value>
                <![CDATA[public void tests.AlertTest.handleSimpleAlert()]]>
              </value>
            </param>
          </params>
          <reporter-output>
          </reporter-output>
        </test-method> <!-- setup -->
        <test-method signature="handleSimpleAlert()[pri:1, instance:tests.AlertTest@71454b9d]" started-at="2026-06-11T12:14:52 IST" name="handleSimpleAlert" finished-at="2026-06-11T12:14:57 IST" duration-ms="4112" status="PASS">
          <reporter-output>
          </reporter-output>
        </test-method> <!-- handleSimpleAlert -->
        <test-method is-config="true" signature="tearDown(org.testng.ITestResult)[pri:0, instance:tests.AlertTest@71454b9d]" started-at="2026-06-11T12:14:57 IST" name="tearDown" finished-at="2026-06-11T12:14:57 IST" duration-ms="199" status="PASS">
          <params>
            <param index="0">
              <value>
                <![CDATA[[TestResult name=handleSimpleAlert status=SUCCESS method=AlertTest.handleSimpleAlert()[pri:1, instance:tests.AlertTest@71454b9d] output={null}]]]>
              </value>
            </param>
          </params>
          <reporter-output>
          </reporter-output>
        </test-method> <!-- tearDown -->
        <test-method is-config="true" signature="setup(java.lang.reflect.Method)[pri:0, instance:tests.AlertTest@71454b9d]" started-at="2026-06-11T12:14:57 IST" name="setup" finished-at="2026-06-11T12:15:05 IST" duration-ms="8171" status="PASS">
          <params>
            <param index="0">
              <value>
                <![CDATA[public void tests.AlertTest.handleConfirmationAlert()]]>
              </value>
            </param>
          </params>
          <reporter-output>
          </reporter-output>
        </test-method> <!-- setup -->
        <test-method signature="handleConfirmationAlert()[pri:2, instance:tests.AlertTest@71454b9d]" started-at="2026-06-11T12:15:05 IST" name="handleConfirmationAlert" finished-at="2026-06-11T12:15:09 IST" duration-ms="4116" status="PASS">
          <reporter-output>
          </reporter-output>
        </test-method> <!-- handleConfirmationAlert -->
        <test-method is-config="true" signature="tearDown(org.testng.ITestResult)[pri:0, instance:tests.AlertTest@71454b9d]" started-at="2026-06-11T12:15:09 IST" name="tearDown" finished-at="2026-06-11T12:15:09 IST" duration-ms="213" status="PASS">
          <params>
            <param index="0">
              <value>
                <![CDATA[[TestResult name=handleConfirmationAlert status=SUCCESS method=AlertTest.handleConfirmationAlert()[pri:2, instance:tests.AlertTest@71454b9d] output={null}]]]>
              </value>
            </param>
          </params>
          <reporter-output>
          </reporter-output>
        </test-method> <!-- tearDown -->
        <test-method is-config="true" signature="setup(java.lang.reflect.Method)[pri:0, instance:tests.AlertTest@71454b9d]" started-at="2026-06-11T12:15:09 IST" name="setup" finished-at="2026-06-11T12:15:14 IST" duration-ms="4774" status="PASS">
          <params>
            <param index="0">
              <value>
                <![CDATA[public void tests.AlertTest.handlePromptAlert()]]>
              </value>
            </param>
          </params>
          <reporter-output>
          </reporter-output>
        </test-method> <!-- setup -->
        <test-method signature="handlePromptAlert()[pri:3, instance:tests.AlertTest@71454b9d]" started-at="2026-06-11T12:15:14 IST" name="handlePromptAlert" finished-at="2026-06-11T12:15:18 IST" duration-ms="4149" status="PASS">
          <reporter-output>
          </reporter-output>
        </test-method> <!-- handlePromptAlert -->
        <test-method is-config="true" signature="tearDown(org.testng.ITestResult)[pri:0, instance:tests.AlertTest@71454b9d]" started-at="2026-06-11T12:15:18 IST" name="tearDown" finished-at="2026-06-11T12:15:18 IST" duration-ms="205" status="PASS">
          <params>
            <param index="0">
              <value>
                <![CDATA[[TestResult name=handlePromptAlert status=SUCCESS method=AlertTest.handlePromptAlert()[pri:3, instance:tests.AlertTest@71454b9d] output={null}]]]>
              </value>
            </param>
          </params>
          <reporter-output>
          </reporter-output>
        </test-method> <!-- tearDown -->
      </class> <!-- tests.AlertTest -->
      <class name="tests.DatePickerTest">
        <test-method is-config="true" signature="setup(java.lang.reflect.Method)[pri:0, instance:tests.DatePickerTest@3d2ee678]" started-at="2026-06-11T12:16:55 IST" name="setup" finished-at="2026-06-11T12:17:00 IST" duration-ms="4689" status="PASS">
          <params>
            <param index="0">
              <value>
                <![CDATA[public void tests.DatePickerTest.datePicker1Test()]]>
              </value>
            </param>
          </params>
          <reporter-output>
          </reporter-output>
        </test-method> <!-- setup -->
        <test-method signature="datePicker1Test()[pri:1, instance:tests.DatePickerTest@3d2ee678]" started-at="2026-06-11T12:17:00 IST" name="datePicker1Test" finished-at="2026-06-11T12:17:04 IST" duration-ms="4134" status="PASS">
          <reporter-output>
          </reporter-output>
        </test-method> <!-- datePicker1Test -->
        <test-method is-config="true" signature="tearDown(org.testng.ITestResult)[pri:0, instance:tests.DatePickerTest@3d2ee678]" started-at="2026-06-11T12:17:04 IST" name="tearDown" finished-at="2026-06-11T12:17:04 IST" duration-ms="223" status="PASS">
          <params>
            <param index="0">
              <value>
                <![CDATA[[TestResult name=datePicker1Test status=SUCCESS method=DatePickerTest.datePicker1Test()[pri:1, instance:tests.DatePickerTest@3d2ee678] output={null}]]]>
              </value>
            </param>
          </params>
          <reporter-output>
          </reporter-output>
        </test-method> <!-- tearDown -->
        <test-method is-config="true" signature="setup(java.lang.reflect.Method)[pri:0, instance:tests.DatePickerTest@3d2ee678]" started-at="2026-06-11T12:17:04 IST" name="setup" finished-at="2026-06-11T12:17:09 IST" duration-ms="4703" status="PASS">
          <params>
            <param index="0">
              <value>
                <![CDATA[public void tests.DatePickerTest.datePicker2Test()]]>
              </value>
            </param>
          </params>
          <reporter-output>
          </reporter-output>
        </test-method> <!-- setup -->
        <test-method signature="datePicker2Test()[pri:2, instance:tests.DatePickerTest@3d2ee678]" started-at="2026-06-11T12:17:09 IST" name="datePicker2Test" finished-at="2026-06-11T12:17:13 IST" duration-ms="4071" status="PASS">
          <reporter-output>
          </reporter-output>
        </test-method> <!-- datePicker2Test -->
        <test-method is-config="true" signature="tearDown(org.testng.ITestResult)[pri:0, instance:tests.DatePickerTest@3d2ee678]" started-at="2026-06-11T12:17:13 IST" name="tearDown" finished-at="2026-06-11T12:17:13 IST" duration-ms="175" status="PASS">
          <params>
            <param index="0">
              <value>
                <![CDATA[[TestResult name=datePicker2Test status=SUCCESS method=DatePickerTest.datePicker2Test()[pri:2, instance:tests.DatePickerTest@3d2ee678] output={null}]]]>
              </value>
            </param>
          </params>
          <reporter-output>
          </reporter-output>
        </test-method> <!-- tearDown -->
        <test-method is-config="true" signature="setup(java.lang.reflect.Method)[pri:0, instance:tests.DatePickerTest@3d2ee678]" started-at="2026-06-11T12:17:13 IST" name="setup" finished-at="2026-06-11T12:17:20 IST" duration-ms="6690" status="PASS">
          <params>
            <param index="0">
              <value>
                <![CDATA[public void tests.DatePickerTest.dateRangeTest()]]>
              </value>
            </param>
          </params>
          <reporter-output>
          </reporter-output>
        </test-method> <!-- setup -->
        <test-method signature="dateRangeTest()[pri:3, instance:tests.DatePickerTest@3d2ee678]" started-at="2026-06-11T12:17:20 IST" name="dateRangeTest" finished-at="2026-06-11T12:17:24 IST" duration-ms="4158" status="PASS">
          <reporter-output>
          </reporter-output>
        </test-method> <!-- dateRangeTest -->
        <test-method is-config="true" signature="tearDown(org.testng.ITestResult)[pri:0, instance:tests.DatePickerTest@3d2ee678]" started-at="2026-06-11T12:17:24 IST" name="tearDown" finished-at="2026-06-11T12:17:24 IST" duration-ms="250" status="PASS">
          <params>
            <param index="0">
              <value>
                <![CDATA[[TestResult name=dateRangeTest status=SUCCESS method=DatePickerTest.dateRangeTest()[pri:3, instance:tests.DatePickerTest@3d2ee678] output={null}]]]>
              </value>
            </param>
          </params>
          <reporter-output>
          </reporter-output>
        </test-method> <!-- tearDown -->
      </class> <!-- tests.DatePickerTest -->
      <class name="tests.DropdownTest">
        <test-method is-config="true" signature="setup(java.lang.reflect.Method)[pri:0, instance:tests.DropdownTest@66565121]" started-at="2026-06-11T12:16:36 IST" name="setup" finished-at="2026-06-11T12:16:42 IST" duration-ms="5563" status="PASS">
          <params>
            <param index="0">
              <value>
                <![CDATA[public void tests.DropdownTest.selectColor()]]>
              </value>
            </param>
          </params>
          <reporter-output>
          </reporter-output>
        </test-method> <!-- setup -->
        <test-method signature="selectColor()[pri:1, instance:tests.DropdownTest@66565121]" started-at="2026-06-11T12:16:42 IST" name="selectColor" finished-at="2026-06-11T12:16:46 IST" duration-ms="4254" status="PASS">
          <reporter-output>
          </reporter-output>
        </test-method> <!-- selectColor -->
        <test-method is-config="true" signature="tearDown(org.testng.ITestResult)[pri:0, instance:tests.DropdownTest@66565121]" started-at="2026-06-11T12:16:46 IST" name="tearDown" finished-at="2026-06-11T12:16:46 IST" duration-ms="173" status="PASS">
          <params>
            <param index="0">
              <value>
                <![CDATA[[TestResult name=selectColor status=SUCCESS method=DropdownTest.selectColor()[pri:1, instance:tests.DropdownTest@66565121] output={null}]]]>
              </value>
            </param>
          </params>
          <reporter-output>
          </reporter-output>
        </test-method> <!-- tearDown -->
        <test-method is-config="true" signature="setup(java.lang.reflect.Method)[pri:0, instance:tests.DropdownTest@66565121]" started-at="2026-06-11T12:16:46 IST" name="setup" finished-at="2026-06-11T12:16:51 IST" duration-ms="4714" status="PASS">
          <params>
            <param index="0">
              <value>
                <![CDATA[public void tests.DropdownTest.selectAnimal()]]>
              </value>
            </param>
          </params>
          <reporter-output>
          </reporter-output>
        </test-method> <!-- setup -->
        <test-method signature="selectAnimal()[pri:2, instance:tests.DropdownTest@66565121]" started-at="2026-06-11T12:16:51 IST" name="selectAnimal" finished-at="2026-06-11T12:16:55 IST" duration-ms="4194" status="PASS">
          <reporter-output>
          </reporter-output>
        </test-method> <!-- selectAnimal -->
        <test-method is-config="true" signature="tearDown(org.testng.ITestResult)[pri:0, instance:tests.DropdownTest@66565121]" started-at="2026-06-11T12:16:55 IST" name="tearDown" finished-at="2026-06-11T12:16:55 IST" duration-ms="172" status="PASS">
          <params>
            <param index="0">
              <value>
                <![CDATA[[TestResult name=selectAnimal status=SUCCESS method=DropdownTest.selectAnimal()[pri:2, instance:tests.DropdownTest@66565121] output={null}]]]>
              </value>
            </param>
          </params>
          <reporter-output>
          </reporter-output>
        </test-method> <!-- tearDown -->
      </class> <!-- tests.DropdownTest -->
      <class name="tests.SearchTest">
        <test-method is-config="true" signature="setup(java.lang.reflect.Method)[pri:0, instance:tests.SearchTest@35f26e72]" started-at="2026-06-11T12:17:24 IST" name="setup" finished-at="2026-06-11T12:17:29 IST" duration-ms="4697" status="PASS">
          <params>
            <param index="0">
              <value>
                <![CDATA[public void tests.SearchTest.wikipediaSearchTest()]]>
              </value>
            </param>
          </params>
          <reporter-output>
          </reporter-output>
        </test-method> <!-- setup -->
        <test-method signature="wikipediaSearchTest()[pri:0, instance:tests.SearchTest@35f26e72]" started-at="2026-06-11T12:17:29 IST" name="wikipediaSearchTest" finished-at="2026-06-11T12:17:33 IST" duration-ms="4206" status="PASS">
          <reporter-output>
          </reporter-output>
        </test-method> <!-- wikipediaSearchTest -->
        <test-method is-config="true" signature="tearDown(org.testng.ITestResult)[pri:0, instance:tests.SearchTest@35f26e72]" started-at="2026-06-11T12:17:33 IST" name="tearDown" finished-at="2026-06-11T12:17:33 IST" duration-ms="175" status="PASS">
          <params>
            <param index="0">
              <value>
                <![CDATA[[TestResult name=wikipediaSearchTest status=SUCCESS method=SearchTest.wikipediaSearchTest()[pri:0, instance:tests.SearchTest@35f26e72] output={null}]]]>
              </value>
            </param>
          </params>
          <reporter-output>
          </reporter-output>
        </test-method> <!-- tearDown -->
      </class> <!-- tests.SearchTest -->
    </test> <!-- Regression Test -->
  </suite> <!-- GUI Elements Suite -->
</testng-results>
