<?xml version="1.0" encoding="UTF-8"?>
<!-- Generated by org.testng.reporters.JUnitReportReporter -->
<testsuite hostname="LAPTOP-1A88A725" failures="0" tests="4" name="tests.TableTests" time="34.927" errors="0" timestamp="2026-06-11T12:18:59 IST" skipped="0">
  <testcase classname="tests.TableTests" name="verifyStaticTable" time="9.116"/>
  <testcase classname="tests.TableTests" name="verifyDynamicTable" time="6.540"/>
  <testcase classname="tests.TableTests" name="verifyChromePresent" time="7.012"/>
  <testcase classname="tests.TableTests" name="verifyPaginationTable" time="12.259"/>
</testsuite> <!-- tests.TableTests -->
