<?xml version="1.0" encoding="UTF-8"?>
<!-- Generated by org.testng.reporters.JUnitReportReporter -->
<testsuite hostname="LAPTOP-1A88A725" failures="0" tests="4" name="tests.MouseActionsTest" time="26.272" errors="0" timestamp="2026-06-10T12:15:49 IST" skipped="0">
  <testcase classname="tests.MouseActionsTest" name="mouseHoverTest" time="9.003"/>
  <testcase classname="tests.MouseActionsTest" name="doubleClickTest" time="5.766"/>
  <testcase classname="tests.MouseActionsTest" name="sliderTest" time="6.297"/>
  <testcase classname="tests.MouseActionsTest" name="dragAndDropTest" time="5.206"/>
</testsuite> <!-- tests.MouseActionsTest -->
