<?xml version="1.0" encoding="UTF-8"?>
<!-- Generated by org.testng.reporters.JUnitReportReporter -->
<testsuite hostname="LAPTOP-1A88A725" failures="0" tests="3" name="tests.FormTest" time="22.274" errors="0" timestamp="2026-06-10T12:15:49 IST" skipped="0">
  <testcase classname="tests.FormTest" name="fillFormDDT" time="9.704"/>
  <testcase classname="tests.FormTest" name="fillFormDDT" time="7.656"/>
  <testcase classname="tests.FormTest" name="fillForm" time="4.914"/>
</testsuite> <!-- tests.FormTest -->
