<?xml version="1.0" encoding="UTF-8"?>
<!-- Generated by org.testng.reporters.JUnitReportReporter -->
<testsuite hostname="LAPTOP-1A88A725" failures="0" tests="4" name="tests.ShadowDOMTest" time="54.132" errors="0" timestamp="2026-06-11T12:18:59 IST" skipped="0">
  <testcase classname="tests.ShadowDOMTest" name="shadowTextBoxTest" time="9.618"/>
  <testcase classname="tests.ShadowDOMTest" name="shadowCheckboxTest" time="11.093"/>
  <testcase classname="tests.ShadowDOMTest" name="shadowFileUploadTest" time="13.884"/>
  <testcase classname="tests.ShadowDOMTest" name="clickBlogLinkTest" time="19.537"/>
</testsuite> <!-- tests.ShadowDOMTest -->
