<?xml version="1.0" encoding="UTF-8"?>
<!-- Generated by org.testng.reporters.JUnitReportReporter -->
<testsuite hostname="LAPTOP-1A88A725" failures="0" tests="4" name="tests.TableTests" time="29.625" errors="0" timestamp="2026-06-10T12:15:49 IST" skipped="0">
  <testcase classname="tests.TableTests" name="verifyStaticTable" time="6.412"/>
  <testcase classname="tests.TableTests" name="verifyChromePresent" time="5.791"/>
  <testcase classname="tests.TableTests" name="verifyDynamicTable" time="6.524"/>
  <testcase classname="tests.TableTests" name="verifyPaginationTable" time="10.898"/>
</testsuite> <!-- tests.TableTests -->
