<?xml version="1.0" encoding="UTF-8"?>
<!-- Generated by org.testng.reporters.JUnitReportReporter -->
<testsuite hostname="LAPTOP-1A88A725" failures="0" tests="4" name="tests.MouseActionsTest" time="42.073" errors="0" timestamp="2026-06-11T12:18:59 IST" skipped="0">
  <testcase classname="tests.MouseActionsTest" name="mouseHoverTest" time="9.133"/>
  <testcase classname="tests.MouseActionsTest" name="dragAndDropTest" time="10.822"/>
  <testcase classname="tests.MouseActionsTest" name="doubleClickTest" time="10.896"/>
  <testcase classname="tests.MouseActionsTest" name="sliderTest" time="11.222"/>
</testsuite> <!-- tests.MouseActionsTest -->
