<?xml version="1.0" encoding="UTF-8"?>
<!-- Generated by org.testng.reporters.JUnitReportReporter -->
<testsuite hostname="LAPTOP-1A88A725" failures="0" tests="3" name="tests.DatePickerTest" time="29.093" errors="0" timestamp="2026-06-11T12:18:59 IST" skipped="0">
  <testcase classname="tests.DatePickerTest" name="datePicker1Test" time="9.046"/>
  <testcase classname="tests.DatePickerTest" name="datePicker2Test" time="8.949"/>
  <testcase classname="tests.DatePickerTest" name="dateRangeTest" time="11.098"/>
</testsuite> <!-- tests.DatePickerTest -->
