<?xml version="1.0" encoding="UTF-8"?>
<!-- Generated by org.testng.reporters.JUnitReportReporter -->
<testsuite hostname="LAPTOP-1A88A725" failures="0" tests="3" name="tests.AlertTest" time="15.113" errors="0" timestamp="2026-06-10T12:15:49 IST" skipped="0">
  <testcase classname="tests.AlertTest" name="handleSimpleAlert" time="6.294"/>
  <testcase classname="tests.AlertTest" name="handleConfirmationAlert" time="3.929"/>
  <testcase classname="tests.AlertTest" name="handlePromptAlert" time="4.890"/>
</testsuite> <!-- tests.AlertTest -->
