<?xml version="1.0" encoding="UTF-8"?>
<!-- Generated by org.testng.reporters.JUnitReportReporter -->
<testsuite hostname="LAPTOP-1A88A725" failures="0" tests="3" name="tests.DatePickerTest" time="18.782" errors="0" timestamp="2026-06-10T12:15:49 IST" skipped="0">
  <testcase classname="tests.DatePickerTest" name="dateRangeTest" time="5.784"/>
  <testcase classname="tests.DatePickerTest" name="datePicker1Test" time="6.962"/>
  <testcase classname="tests.DatePickerTest" name="datePicker2Test" time="6.036"/>
</testsuite> <!-- tests.DatePickerTest -->
