<?xml version="1.0" encoding="UTF-8"?>
<!-- Generated by org.testng.reporters.JUnitReportReporter -->
<testsuite hostname="LAPTOP-1A88A725" failures="0" tests="3" name="tests.FormTest" time="35.173" errors="0" timestamp="2026-06-11T12:18:59 IST" skipped="0">
  <testcase classname="tests.FormTest" name="fillForm" time="14.546"/>
  <testcase classname="tests.FormTest" name="fillFormDDT" time="10.308"/>
  <testcase classname="tests.FormTest" name="fillFormDDT" time="10.319"/>
</testsuite> <!-- tests.FormTest -->
