<?xml version="1.0" encoding="UTF-8"?>
<!-- Generated by org.testng.reporters.JUnitReportReporter -->
<testsuite hostname="LAPTOP-1A88A725" failures="0" tests="3" name="tests.AlertTest" time="31.776" errors="0" timestamp="2026-06-11T12:18:59 IST" skipped="0">
  <testcase classname="tests.AlertTest" name="handleSimpleAlert" time="12.496"/>
  <testcase classname="tests.AlertTest" name="handleConfirmationAlert" time="9.095"/>
  <testcase classname="tests.AlertTest" name="handlePromptAlert" time="10.185"/>
</testsuite> <!-- tests.AlertTest -->
